<?xml version="1.0" encoding="UTF-8"?>
<!-- Generated by org.testng.reporters.JUnitReportReporter -->
<testsuite hostname="DESKTOP-8PDR25K" failures="0" tests="1" name="smoke.TestScript_01_Test" time="17.936" errors="0" timestamp="2024-02-19T16:44:20 IST" skipped="0">
  <testcase classname="smoke.TestScript_01_Test" name="demo" time="17.936"/>
  <system-out/>
</testsuite> <!-- smoke.TestScript_01_Test -->
