<?xml version="1.0" encoding="UTF-8"?>
<!-- Generated by org.testng.reporters.JUnitReportReporter -->
<testsuite hostname="DESKTOP-8PDR25K" failures="0" tests="1" name="beauty.LaunchPurple_Test" time="17.585" errors="0" timestamp="2024-02-20T15:14:43 IST" skipped="0">
  <testcase classname="beauty.LaunchPurple_Test" name="purple" time="17.585"/>
  <system-out/>
</testsuite> <!-- beauty.LaunchPurple_Test -->
